# JRE version: OpenJDK Runtime Environment (20.0.2+9) (build 20.0.2+9-78)
# Java VM: OpenJDK 64-Bit Server VM (20.0.2+9-78, mixed mode, sharing, tiered, compressed oops, compressed class ptrs, g1 gc, linux-amd64)
GC Precious Log:
 CardTable entry size: 512
 Card Set container configuration: InlinePtr #cards 4 size 8 Array Of Cards #cards 16 size 48 Howl #buckets 8 coarsen threshold 3686 Howl Bitmap #cards 512 size 80 coarsen threshold 460 Card regions per heap region 1 cards per card region 4096
 CPUs: 12 total, 12 available
 Memory: 15629M
 Large Page Support: Disabled
 NUMA Support: Disabled
 Compressed Oops: Enabled (Zero based)
 Heap Region Size: 2M
 Heap Min Capacity: 8M
 Heap Initial Capacity: 246M
 Heap Max Capacity: 3908M
 Pre-touch: Disabled
 Parallel Workers: 10
 Concurrent Workers: 3
 Concurrent Refinement Workers: 10
 Periodic GC: Disabled
Heap:
 garbage-first heap   total 565248K, used 262177K [0x000000070bc00000, 0x0000000800000000)
  region size 2048K, 22 young (45056K), 1 survivors (2048K)
 Metaspace       used 23210K, committed 23616K, reserved 1114112K
  class space    used 3307K, committed 3520K, reserved 1048576K
GC Heap History (20 events):
Event: 2,086 GC heap before
{Heap before GC invocations=26 (full 0):
 garbage-first heap   total 368640K, used 174063K [0x000000070bc00000, 0x0000000800000000)
  region size 2048K, 3 young (6144K), 1 survivors (2048K)
 Metaspace       used 16401K, committed 16768K, reserved 1114112K
  class space    used 2414K, committed 2624K, reserved 1048576K
}
Event: 2,088 GC heap after
{Heap after GC invocations=27 (full 0):
 garbage-first heap   total 368640K, used 171989K [0x000000070bc00000, 0x0000000800000000)
  region size 2048K, 1 young (2048K), 1 survivors (2048K)
 Metaspace       used 16401K, committed 16768K, reserved 1114112K
  class space    used 2414K, committed 2624K, reserved 1048576K
}
Event: 2,121 GC heap before
{Heap before GC invocations=28 (full 0):
 garbage-first heap   total 368640K, used 176085K [0x000000070bc00000, 0x0000000800000000)
  region size 2048K, 3 young (6144K), 1 survivors (2048K)
 Metaspace       used 16406K, committed 16768K, reserved 1114112K
  class space    used 2414K, committed 2624K, reserved 1048576K
}
Event: 2,123 GC heap after
{Heap after GC invocations=29 (full 0):
 garbage-first heap   total 368640K, used 174049K [0x000000070bc00000, 0x0000000800000000)
  region size 2048K, 1 young (2048K), 1 survivors (2048K)
 Metaspace       used 16406K, committed 16768K, reserved 1114112K
  class space    used 2414K, committed 2624K, reserved 1048576K
}
Event: 2,154 GC heap before
{Heap before GC invocations=30 (full 0):
 garbage-first heap   total 368640K, used 178145K [0x000000070bc00000, 0x0000000800000000)
  region size 2048K, 3 young (6144K), 1 survivors (2048K)
 Metaspace       used 16409K, committed 16832K, reserved 1114112K
  class space    used 2414K, committed 2624K, reserved 1048576K
}
Event: 2,155 GC heap after
{Heap after GC invocations=31 (full 0):
 garbage-first heap   total 442368K, used 176095K [0x000000070bc00000, 0x0000000800000000)
  region size 2048K, 1 young (2048K), 1 survivors (2048K)
 Metaspace       used 16409K, committed 16832K, reserved 1114112K
  class space    used 2414K, committed 2624K, reserved 1048576K
}
Event: 2,556 GC heap before
{Heap before GC invocations=31 (full 0):
 garbage-first heap   total 442368K, used 198623K [0x000000070bc00000, 0x0000000800000000)
  region size 2048K, 3 young (6144K), 1 survivors (2048K)
 Metaspace       used 16472K, committed 16832K, reserved 1114112K
  class space    used 2417K, committed 2624K, reserved 1048576K
}
Event: 2,557 GC heap after
{Heap after GC invocations=32 (full 0):
 garbage-first heap   total 442368K, used 196608K [0x000000070bc00000, 0x0000000800000000)
  region size 2048K, 1 young (2048K), 1 survivors (2048K)
 Metaspace       used 16472K, committed 16832K, reserved 1114112K
  class space    used 2417K, committed 2624K, reserved 1048576K
}
Event: 2,605 GC heap before
{Heap before GC invocations=32 (full 0):
 garbage-first heap   total 442368K, used 200704K [0x000000070bc00000, 0x0000000800000000)
  region size 2048K, 3 young (6144K), 1 survivors (2048K)
 Metaspace       used 16489K, committed 16896K, reserved 1114112K
  class space    used 2417K, committed 2624K, reserved 1048576K
}
Event: 2,607 GC heap after
{Heap after GC invocations=33 (full 0):
 garbage-first heap   total 442368K, used 198685K [0x000000070bc00000, 0x0000000800000000)
  region size 2048K, 1 young (2048K), 1 survivors (2048K)
 Metaspace       used 16489K, committed 16896K, reserved 1114112K
  class space    used 2417K, committed 2624K, reserved 1048576K
}
Event: 2,640 GC heap before
{Heap before GC invocations=34 (full 0):
 garbage-first heap   total 442368K, used 202781K [0x000000070bc00000, 0x0000000800000000)
  region size 2048K, 3 young (6144K), 1 survivors (2048K)
 Metaspace       used 16496K, committed 16896K, reserved 1114112K
  class space    used 2417K, committed 2624K, reserved 1048576K
}
Event: 2,641 GC heap after
{Heap after GC invocations=35 (full 0):
 garbage-first heap   total 442368K, used 200707K [0x000000070bc00000, 0x0000000800000000)
  region size 2048K, 1 young (2048K), 1 survivors (2048K)
 Metaspace       used 16496K, committed 16896K, reserved 1114112K
  class space    used 2417K, committed 2624K, reserved 1048576K
}
Event: 2,673 GC heap before
{Heap before GC invocations=36 (full 0):
 garbage-first heap   total 442368K, used 204803K [0x000000070bc00000, 0x0000000800000000)
  region size 2048K, 3 young (6144K), 1 survivors (2048K)
 Metaspace       used 16515K, committed 16896K, reserved 1114112K
  class space    used 2417K, committed 2624K, reserved 1048576K
}
Event: 2,674 GC heap after
{Heap after GC invocations=37 (full 0):
 garbage-first heap   total 442368K, used 202769K [0x000000070bc00000, 0x0000000800000000)
  region size 2048K, 1 young (2048K), 1 survivors (2048K)
 Metaspace       used 16515K, committed 16896K, reserved 1114112K
  class space    used 2417K, committed 2624K, reserved 1048576K
}
Event: 2,723 GC heap before
{Heap before GC invocations=38 (full 0):
 garbage-first heap   total 442368K, used 206865K [0x000000070bc00000, 0x0000000800000000)
  region size 2048K, 3 young (6144K), 1 survivors (2048K)
 Metaspace       used 16523K, committed 16896K, reserved 1114112K
  class space    used 2417K, committed 2624K, reserved 1048576K
}
Event: 2,725 GC heap after
{Heap after GC invocations=39 (full 0):
 garbage-first heap   total 442368K, used 204824K [0x000000070bc00000, 0x0000000800000000)
  region size 2048K, 1 young (2048K), 1 survivors (2048K)
 Metaspace       used 16523K, committed 16896K, reserved 1114112K
  class space    used 2417K, committed 2624K, reserved 1048576K
}
Event: 2,756 GC heap before
{Heap before GC invocations=40 (full 0):
 garbage-first heap   total 442368K, used 208920K [0x000000070bc00000, 0x0000000800000000)
  region size 2048K, 3 young (6144K), 1 survivors (2048K)
 Metaspace       used 16524K, committed 16896K, reserved 1114112K
  class space    used 2417K, committed 2624K, reserved 1048576K
}
Event: 2,758 GC heap after
{Heap after GC invocations=41 (full 0):
 garbage-first heap   total 442368K, used 206878K [0x000000070bc00000, 0x0000000800000000)
  region size 2048K, 1 young (2048K), 1 survivors (2048K)
 Metaspace       used 16524K, committed 16896K, reserved 1114112K
  class space    used 2417K, committed 2624K, reserved 1048576K
}
Event: 2,806 GC heap before
{Heap before GC invocations=42 (full 0):
 garbage-first heap   total 442368K, used 210974K [0x000000070bc00000, 0x0000000800000000)
  region size 2048K, 3 young (6144K), 1 survivors (2048K)
 Metaspace       used 16526K, committed 16896K, reserved 1114112K
  class space    used 2417K, committed 2624K, reserved 1048576K
}
Event: 2,808 GC heap after
{Heap after GC invocations=43 (full 0):
 garbage-first heap   total 565248K, used 208929K [0x000000070bc00000, 0x0000000800000000)
  region size 2048K, 1 young (2048K), 1 survivors (2048K)
 Metaspace       used 16526K, committed 16896K, reserved 1114112K
  class space    used 2417K, committed 2624K, reserved 1048576K
}

