# JRE version: OpenJDK Runtime Environment (20.0.2+9) (build 20.0.2+9-78)
# Java VM: OpenJDK 64-Bit Server VM (20.0.2+9-78, mixed mode, sharing, tiered, compressed oops, compressed class ptrs, g1 gc, linux-amd64)
GC Precious Log:
 CardTable entry size: 512
 Card Set container configuration: InlinePtr #cards 4 size 8 Array Of Cards #cards 16 size 48 Howl #buckets 8 coarsen threshold 3686 Howl Bitmap #cards 512 size 80 coarsen threshold 460 Card regions per heap region 1 cards per card region 4096
 CPUs: 12 total, 12 available
 Memory: 15629M
 Large Page Support: Disabled
 NUMA Support: Disabled
 Compressed Oops: Enabled (Zero based)
 Heap Region Size: 2M
 Heap Min Capacity: 8M
 Heap Initial Capacity: 246M
 Heap Max Capacity: 3908M
 Pre-touch: Disabled
 Parallel Workers: 10
 Concurrent Workers: 3
 Concurrent Refinement Workers: 10
 Periodic GC: Disabled
Heap:
 garbage-first heap   total 518144K, used 251904K [0x000000070bc00000, 0x0000000800000000)
  region size 2048K, 17 young (34816K), 1 survivors (2048K)
 Metaspace       used 22830K, committed 23168K, reserved 1114112K
  class space    used 3283K, committed 3456K, reserved 1048576K
GC Heap History (20 events):
Event: 1,610 GC heap before
{Heap before GC invocations=12 (full 0):
 garbage-first heap   total 321536K, used 145359K [0x000000070bc00000, 0x0000000800000000)
  region size 2048K, 3 young (6144K), 1 survivors (2048K)
 Metaspace       used 16226K, committed 16512K, reserved 1114112K
  class space    used 2404K, committed 2496K, reserved 1048576K
}
Event: 1,610 GC heap after
{Heap after GC invocations=13 (full 0):
 garbage-first heap   total 321536K, used 143320K [0x000000070bc00000, 0x0000000800000000)
  region size 2048K, 1 young (2048K), 1 survivors (2048K)
 Metaspace       used 16226K, committed 16512K, reserved 1114112K
  class space    used 2404K, committed 2496K, reserved 1048576K
}
Event: 1,642 GC heap before
{Heap before GC invocations=14 (full 0):
 garbage-first heap   total 321536K, used 147416K [0x000000070bc00000, 0x0000000800000000)
  region size 2048K, 3 young (6144K), 1 survivors (2048K)
 Metaspace       used 16243K, committed 16512K, reserved 1114112K
  class space    used 2404K, committed 2496K, reserved 1048576K
}
Event: 1,643 GC heap after
{Heap after GC invocations=15 (full 0):
 garbage-first heap   total 321536K, used 145366K [0x000000070bc00000, 0x0000000800000000)
  region size 2048K, 1 young (2048K), 1 survivors (2048K)
 Metaspace       used 16243K, committed 16512K, reserved 1114112K
  class space    used 2404K, committed 2496K, reserved 1048576K
}
Event: 1,691 GC heap before
{Heap before GC invocations=16 (full 0):
 garbage-first heap   total 321536K, used 149462K [0x000000070bc00000, 0x0000000800000000)
  region size 2048K, 3 young (6144K), 1 survivors (2048K)
 Metaspace       used 16248K, committed 16512K, reserved 1114112K
  class space    used 2404K, committed 2496K, reserved 1048576K
}
Event: 1,692 GC heap after
{Heap after GC invocations=17 (full 0):
 garbage-first heap   total 321536K, used 147412K [0x000000070bc00000, 0x0000000800000000)
  region size 2048K, 1 young (2048K), 1 survivors (2048K)
 Metaspace       used 16248K, committed 16512K, reserved 1114112K
  class space    used 2404K, committed 2496K, reserved 1048576K
}
Event: 1,725 GC heap before
{Heap before GC invocations=18 (full 0):
 garbage-first heap   total 321536K, used 149460K [0x000000070bc00000, 0x0000000800000000)
  region size 2048K, 2 young (4096K), 1 survivors (2048K)
 Metaspace       used 16250K, committed 16512K, reserved 1114112K
  class space    used 2404K, committed 2496K, reserved 1048576K
}
Event: 1,727 GC heap after
{Heap after GC invocations=19 (full 0):
 garbage-first heap   total 387072K, used 149471K [0x000000070bc00000, 0x0000000800000000)
  region size 2048K, 1 young (2048K), 1 survivors (2048K)
 Metaspace       used 16250K, committed 16512K, reserved 1114112K
  class space    used 2404K, committed 2496K, reserved 1048576K
}
Event: 2,175 GC heap before
{Heap before GC invocations=19 (full 0):
 garbage-first heap   total 387072K, used 174047K [0x000000070bc00000, 0x0000000800000000)
  region size 2048K, 3 young (6144K), 1 survivors (2048K)
 Metaspace       used 16324K, committed 16576K, reserved 1114112K
  class space    used 2404K, committed 2496K, reserved 1048576K
}
Event: 2,177 GC heap after
{Heap after GC invocations=20 (full 0):
 garbage-first heap   total 387072K, used 171991K [0x000000070bc00000, 0x0000000800000000)
  region size 2048K, 1 young (2048K), 1 survivors (2048K)
 Metaspace       used 16324K, committed 16576K, reserved 1114112K
  class space    used 2404K, committed 2496K, reserved 1048576K
}
Event: 2,210 GC heap before
{Heap before GC invocations=20 (full 0):
 garbage-first heap   total 387072K, used 176087K [0x000000070bc00000, 0x0000000800000000)
  region size 2048K, 3 young (6144K), 1 survivors (2048K)
 Metaspace       used 16325K, committed 16576K, reserved 1114112K
  class space    used 2404K, committed 2496K, reserved 1048576K
}
Event: 2,211 GC heap after
{Heap after GC invocations=21 (full 0):
 garbage-first heap   total 387072K, used 174042K [0x000000070bc00000, 0x0000000800000000)
  region size 2048K, 1 young (2048K), 1 survivors (2048K)
 Metaspace       used 16325K, committed 16576K, reserved 1114112K
  class space    used 2404K, committed 2496K, reserved 1048576K
}
Event: 2,243 GC heap before
{Heap before GC invocations=22 (full 0):
 garbage-first heap   total 387072K, used 178138K [0x000000070bc00000, 0x0000000800000000)
  region size 2048K, 3 young (6144K), 1 survivors (2048K)
 Metaspace       used 16327K, committed 16576K, reserved 1114112K
  class space    used 2404K, committed 2496K, reserved 1048576K
}
Event: 2,245 GC heap after
{Heap after GC invocations=23 (full 0):
 garbage-first heap   total 387072K, used 176076K [0x000000070bc00000, 0x0000000800000000)
  region size 2048K, 1 young (2048K), 1 survivors (2048K)
 Metaspace       used 16327K, committed 16576K, reserved 1114112K
  class space    used 2404K, committed 2496K, reserved 1048576K
}
Event: 2,289 GC heap before
{Heap before GC invocations=24 (full 0):
 garbage-first heap   total 387072K, used 180172K [0x000000070bc00000, 0x0000000800000000)
  region size 2048K, 3 young (6144K), 1 survivors (2048K)
 Metaspace       used 16402K, committed 16832K, reserved 1114112K
  class space    used 2414K, committed 2624K, reserved 1048576K
}
Event: 2,290 GC heap after
{Heap after GC invocations=25 (full 0):
 garbage-first heap   total 387072K, used 178177K [0x000000070bc00000, 0x0000000800000000)
  region size 2048K, 1 young (2048K), 1 survivors (2048K)
 Metaspace       used 16402K, committed 16832K, reserved 1114112K
  class space    used 2414K, committed 2624K, reserved 1048576K
}
Event: 2,319 GC heap before
{Heap before GC invocations=26 (full 0):
 garbage-first heap   total 387072K, used 182273K [0x000000070bc00000, 0x0000000800000000)
  region size 2048K, 3 young (6144K), 1 survivors (2048K)
 Metaspace       used 16404K, committed 16832K, reserved 1114112K
  class space    used 2414K, committed 2624K, reserved 1048576K
}
Event: 2,320 GC heap after
{Heap after GC invocations=27 (full 0):
 garbage-first heap   total 387072K, used 180212K [0x000000070bc00000, 0x0000000800000000)
  region size 2048K, 1 young (2048K), 1 survivors (2048K)
 Metaspace       used 16404K, committed 16832K, reserved 1114112K
  class space    used 2414K, committed 2624K, reserved 1048576K
}
Event: 2,371 GC heap before
{Heap before GC invocations=28 (full 0):
 garbage-first heap   total 387072K, used 184308K [0x000000070bc00000, 0x0000000800000000)
  region size 2048K, 3 young (6144K), 1 survivors (2048K)
 Metaspace       used 16417K, committed 16832K, reserved 1114112K
  class space    used 2414K, committed 2624K, reserved 1048576K
}
Event: 2,373 GC heap after
{Heap after GC invocations=29 (full 0):
 garbage-first heap   total 518144K, used 182272K [0x000000070bc00000, 0x0000000800000000)
  region size 2048K, 1 young (2048K), 1 survivors (2048K)
 Metaspace       used 16417K, committed 16832K, reserved 1114112K
  class space    used 2414K, committed 2624K, reserved 1048576K
}

