# JRE version: OpenJDK Runtime Environment (20.0.2+9) (build 20.0.2+9-78)
# Java VM: OpenJDK 64-Bit Server VM (20.0.2+9-78, mixed mode, sharing, tiered, compressed oops, compressed class ptrs, g1 gc, linux-amd64)
GC Precious Log:
 CardTable entry size: 512
 Card Set container configuration: InlinePtr #cards 4 size 8 Array Of Cards #cards 16 size 48 Howl #buckets 8 coarsen threshold 3686 Howl Bitmap #cards 512 size 80 coarsen threshold 460 Card regions per heap region 1 cards per card region 4096
 CPUs: 12 total, 12 available
 Memory: 15629M
 Large Page Support: Disabled
 NUMA Support: Disabled
 Compressed Oops: Enabled (Zero based)
 Heap Region Size: 2M
 Heap Min Capacity: 8M
 Heap Initial Capacity: 246M
 Heap Max Capacity: 3908M
 Pre-touch: Disabled
 Parallel Workers: 10
 Concurrent Workers: 3
 Concurrent Refinement Workers: 10
 Periodic GC: Disabled
Heap:
 garbage-first heap   total 509952K, used 253880K [0x000000070bc00000, 0x0000000800000000)
  region size 2048K, 18 young (36864K), 1 survivors (2048K)
 Metaspace       used 23250K, committed 23616K, reserved 1114112K
  class space    used 3282K, committed 3456K, reserved 1048576K
GC Heap History (20 events):
Event: 1,481 GC heap before
{Heap before GC invocations=11 (full 0):
 garbage-first heap   total 307200K, used 135066K [0x000000070bc00000, 0x0000000800000000)
  region size 2048K, 2 young (4096K), 1 survivors (2048K)
 Metaspace       used 16244K, committed 16512K, reserved 1114112K
  class space    used 2400K, committed 2496K, reserved 1048576K
}
Event: 1,483 GC heap after
{Heap after GC invocations=12 (full 0):
 garbage-first heap   total 307200K, used 135088K [0x000000070bc00000, 0x0000000800000000)
  region size 2048K, 1 young (2048K), 1 survivors (2048K)
 Metaspace       used 16244K, committed 16512K, reserved 1114112K
  class space    used 2400K, committed 2496K, reserved 1048576K
}
Event: 1,515 GC heap before
{Heap before GC invocations=12 (full 0):
 garbage-first heap   total 307200K, used 137136K [0x000000070bc00000, 0x0000000800000000)
  region size 2048K, 2 young (4096K), 1 survivors (2048K)
 Metaspace       used 16244K, committed 16512K, reserved 1114112K
  class space    used 2400K, committed 2496K, reserved 1048576K
}
Event: 1,516 GC heap after
{Heap after GC invocations=13 (full 0):
 garbage-first heap   total 307200K, used 137115K [0x000000070bc00000, 0x0000000800000000)
  region size 2048K, 1 young (2048K), 1 survivors (2048K)
 Metaspace       used 16244K, committed 16512K, reserved 1114112K
  class space    used 2400K, committed 2496K, reserved 1048576K
}
Event: 1,563 GC heap before
{Heap before GC invocations=14 (full 0):
 garbage-first heap   total 307200K, used 139163K [0x000000070bc00000, 0x0000000800000000)
  region size 2048K, 2 young (4096K), 1 survivors (2048K)
 Metaspace       used 16246K, committed 16512K, reserved 1114112K
  class space    used 2400K, committed 2496K, reserved 1048576K
}
Event: 1,564 GC heap after
{Heap after GC invocations=15 (full 0):
 garbage-first heap   total 307200K, used 139170K [0x000000070bc00000, 0x0000000800000000)
  region size 2048K, 1 young (2048K), 1 survivors (2048K)
 Metaspace       used 16246K, committed 16512K, reserved 1114112K
  class space    used 2400K, committed 2496K, reserved 1048576K
}
Event: 1,597 GC heap before
{Heap before GC invocations=16 (full 0):
 garbage-first heap   total 307200K, used 141218K [0x000000070bc00000, 0x0000000800000000)
  region size 2048K, 2 young (4096K), 1 survivors (2048K)
 Metaspace       used 16249K, committed 16512K, reserved 1114112K
  class space    used 2400K, committed 2496K, reserved 1048576K
}
Event: 1,600 GC heap after
{Heap after GC invocations=17 (full 0):
 garbage-first heap   total 307200K, used 141215K [0x000000070bc00000, 0x0000000800000000)
  region size 2048K, 1 young (2048K), 1 survivors (2048K)
 Metaspace       used 16249K, committed 16512K, reserved 1114112K
  class space    used 2400K, committed 2496K, reserved 1048576K
}
Event: 1,647 GC heap before
{Heap before GC invocations=18 (full 0):
 garbage-first heap   total 307200K, used 143263K [0x000000070bc00000, 0x0000000800000000)
  region size 2048K, 2 young (4096K), 1 survivors (2048K)
 Metaspace       used 16254K, committed 16512K, reserved 1114112K
  class space    used 2400K, committed 2496K, reserved 1048576K
}
Event: 1,649 GC heap after
{Heap after GC invocations=19 (full 0):
 garbage-first heap   total 405504K, used 143263K [0x000000070bc00000, 0x0000000800000000)
  region size 2048K, 1 young (2048K), 1 survivors (2048K)
 Metaspace       used 16254K, committed 16512K, reserved 1114112K
  class space    used 2400K, committed 2496K, reserved 1048576K
}
Event: 2,369 GC heap before
{Heap before GC invocations=19 (full 0):
 garbage-first heap   total 405504K, used 182175K [0x000000070bc00000, 0x0000000800000000)
  region size 2048K, 3 young (6144K), 1 survivors (2048K)
 Metaspace       used 16321K, committed 16576K, reserved 1114112K
  class space    used 2402K, committed 2496K, reserved 1048576K
}
Event: 2,370 GC heap after
{Heap after GC invocations=20 (full 0):
 garbage-first heap   total 405504K, used 180161K [0x000000070bc00000, 0x0000000800000000)
  region size 2048K, 1 young (2048K), 1 survivors (2048K)
 Metaspace       used 16321K, committed 16576K, reserved 1114112K
  class space    used 2402K, committed 2496K, reserved 1048576K
}
Event: 2,402 GC heap before
{Heap before GC invocations=20 (full 0):
 garbage-first heap   total 405504K, used 184257K [0x000000070bc00000, 0x0000000800000000)
  region size 2048K, 3 young (6144K), 1 survivors (2048K)
 Metaspace       used 16346K, committed 16576K, reserved 1114112K
  class space    used 2402K, committed 2496K, reserved 1048576K
}
Event: 2,402 GC heap after
{Heap after GC invocations=21 (full 0):
 garbage-first heap   total 405504K, used 182185K [0x000000070bc00000, 0x0000000800000000)
  region size 2048K, 1 young (2048K), 1 survivors (2048K)
 Metaspace       used 16346K, committed 16576K, reserved 1114112K
  class space    used 2402K, committed 2496K, reserved 1048576K
}
Event: 2,451 GC heap before
{Heap before GC invocations=22 (full 0):
 garbage-first heap   total 405504K, used 186281K [0x000000070bc00000, 0x0000000800000000)
  region size 2048K, 3 young (6144K), 1 survivors (2048K)
 Metaspace       used 16375K, committed 16640K, reserved 1114112K
  class space    used 2402K, committed 2496K, reserved 1048576K
}
Event: 2,451 GC heap after
{Heap after GC invocations=23 (full 0):
 garbage-first heap   total 405504K, used 184249K [0x000000070bc00000, 0x0000000800000000)
  region size 2048K, 1 young (2048K), 1 survivors (2048K)
 Metaspace       used 16375K, committed 16640K, reserved 1114112K
  class space    used 2402K, committed 2496K, reserved 1048576K
}
Event: 2,484 GC heap before
{Heap before GC invocations=24 (full 0):
 garbage-first heap   total 405504K, used 188345K [0x000000070bc00000, 0x0000000800000000)
  region size 2048K, 3 young (6144K), 1 survivors (2048K)
 Metaspace       used 16388K, committed 16640K, reserved 1114112K
  class space    used 2402K, committed 2496K, reserved 1048576K
}
Event: 2,485 GC heap after
{Heap after GC invocations=25 (full 0):
 garbage-first heap   total 405504K, used 186302K [0x000000070bc00000, 0x0000000800000000)
  region size 2048K, 1 young (2048K), 1 survivors (2048K)
 Metaspace       used 16388K, committed 16640K, reserved 1114112K
  class space    used 2402K, committed 2496K, reserved 1048576K
}
Event: 2,517 GC heap before
{Heap before GC invocations=26 (full 0):
 garbage-first heap   total 405504K, used 190398K [0x000000070bc00000, 0x0000000800000000)
  region size 2048K, 3 young (6144K), 1 survivors (2048K)
 Metaspace       used 16411K, committed 16640K, reserved 1114112K
  class space    used 2402K, committed 2496K, reserved 1048576K
}
Event: 2,518 GC heap after
{Heap after GC invocations=27 (full 0):
 garbage-first heap   total 509952K, used 188344K [0x000000070bc00000, 0x0000000800000000)
  region size 2048K, 1 young (2048K), 1 survivors (2048K)
 Metaspace       used 16411K, committed 16640K, reserved 1114112K
  class space    used 2402K, committed 2496K, reserved 1048576K
}

