# JRE version: OpenJDK Runtime Environment (20.0.2+9) (build 20.0.2+9-78)
# Java VM: OpenJDK 64-Bit Server VM (20.0.2+9-78, mixed mode, sharing, tiered, compressed oops, compressed class ptrs, g1 gc, linux-amd64)
GC Precious Log:
 CardTable entry size: 512
 Card Set container configuration: InlinePtr #cards 4 size 8 Array Of Cards #cards 16 size 48 Howl #buckets 8 coarsen threshold 3686 Howl Bitmap #cards 512 size 80 coarsen threshold 460 Card regions per heap region 1 cards per card region 4096
 CPUs: 12 total, 12 available
 Memory: 15629M
 Large Page Support: Disabled
 NUMA Support: Disabled
 Compressed Oops: Enabled (Zero based)
 Heap Region Size: 2M
 Heap Min Capacity: 8M
 Heap Initial Capacity: 246M
 Heap Max Capacity: 3908M
 Pre-touch: Disabled
 Parallel Workers: 10
 Concurrent Workers: 3
 Concurrent Refinement Workers: 10
 Periodic GC: Disabled
Heap:
 garbage-first heap   total 536576K, used 249956K [0x000000070bc00000, 0x0000000800000000)
  region size 2048K, 16 young (32768K), 1 survivors (2048K)
 Metaspace       used 22870K, committed 23232K, reserved 1114112K
  class space    used 3287K, committed 3456K, reserved 1048576K
GC Heap History (20 events):
Event: 1,909 GC heap before
{Heap before GC invocations=19 (full 0):
 garbage-first heap   total 370688K, used 165922K [0x000000070bc00000, 0x0000000800000000)
  region size 2048K, 3 young (6144K), 1 survivors (2048K)
 Metaspace       used 16411K, committed 16832K, reserved 1114112K
  class space    used 2419K, committed 2624K, reserved 1048576K
}
Event: 1,910 GC heap after
{Heap after GC invocations=20 (full 0):
 garbage-first heap   total 370688K, used 163907K [0x000000070bc00000, 0x0000000800000000)
  region size 2048K, 1 young (2048K), 1 survivors (2048K)
 Metaspace       used 16411K, committed 16832K, reserved 1114112K
  class space    used 2419K, committed 2624K, reserved 1048576K
}
Event: 1,960 GC heap before
{Heap before GC invocations=20 (full 0):
 garbage-first heap   total 370688K, used 168003K [0x000000070bc00000, 0x0000000800000000)
  region size 2048K, 3 young (6144K), 1 survivors (2048K)
 Metaspace       used 16413K, committed 16832K, reserved 1114112K
  class space    used 2419K, committed 2624K, reserved 1048576K
}
Event: 1,962 GC heap after
{Heap after GC invocations=21 (full 0):
 garbage-first heap   total 370688K, used 165962K [0x000000070bc00000, 0x0000000800000000)
  region size 2048K, 1 young (2048K), 1 survivors (2048K)
 Metaspace       used 16413K, committed 16832K, reserved 1114112K
  class space    used 2419K, committed 2624K, reserved 1048576K
}
Event: 1,993 GC heap before
{Heap before GC invocations=22 (full 0):
 garbage-first heap   total 370688K, used 170058K [0x000000070bc00000, 0x0000000800000000)
  region size 2048K, 3 young (6144K), 1 survivors (2048K)
 Metaspace       used 16416K, committed 16832K, reserved 1114112K
  class space    used 2419K, committed 2624K, reserved 1048576K
}
Event: 1,995 GC heap after
{Heap after GC invocations=23 (full 0):
 garbage-first heap   total 370688K, used 168007K [0x000000070bc00000, 0x0000000800000000)
  region size 2048K, 1 young (2048K), 1 survivors (2048K)
 Metaspace       used 16416K, committed 16832K, reserved 1114112K
  class space    used 2419K, committed 2624K, reserved 1048576K
}
Event: 2,028 GC heap before
{Heap before GC invocations=24 (full 0):
 garbage-first heap   total 370688K, used 172103K [0x000000070bc00000, 0x0000000800000000)
  region size 2048K, 3 young (6144K), 1 survivors (2048K)
 Metaspace       used 16444K, committed 16832K, reserved 1114112K
  class space    used 2422K, committed 2624K, reserved 1048576K
}
Event: 2,029 GC heap after
{Heap after GC invocations=25 (full 0):
 garbage-first heap   total 370688K, used 170070K [0x000000070bc00000, 0x0000000800000000)
  region size 2048K, 1 young (2048K), 1 survivors (2048K)
 Metaspace       used 16444K, committed 16832K, reserved 1114112K
  class space    used 2422K, committed 2624K, reserved 1048576K
}
Event: 2,078 GC heap before
{Heap before GC invocations=26 (full 0):
 garbage-first heap   total 370688K, used 174166K [0x000000070bc00000, 0x0000000800000000)
  region size 2048K, 3 young (6144K), 1 survivors (2048K)
 Metaspace       used 16446K, committed 16832K, reserved 1114112K
  class space    used 2422K, committed 2624K, reserved 1048576K
}
Event: 2,079 GC heap after
{Heap after GC invocations=27 (full 0):
 garbage-first heap   total 446464K, used 172115K [0x000000070bc00000, 0x0000000800000000)
  region size 2048K, 1 young (2048K), 1 survivors (2048K)
 Metaspace       used 16446K, committed 16832K, reserved 1114112K
  class space    used 2422K, committed 2624K, reserved 1048576K
}
Event: 2,597 GC heap before
{Heap before GC invocations=27 (full 0):
 garbage-first heap   total 446464K, used 200787K [0x000000070bc00000, 0x0000000800000000)
  region size 2048K, 3 young (6144K), 1 survivors (2048K)
 Metaspace       used 16482K, committed 16896K, reserved 1114112K
  class space    used 2422K, committed 2624K, reserved 1048576K
}
Event: 2,599 GC heap after
{Heap after GC invocations=28 (full 0):
 garbage-first heap   total 446464K, used 198741K [0x000000070bc00000, 0x0000000800000000)
  region size 2048K, 1 young (2048K), 1 survivors (2048K)
 Metaspace       used 16482K, committed 16896K, reserved 1114112K
  class space    used 2422K, committed 2624K, reserved 1048576K
}
Event: 2,629 GC heap before
{Heap before GC invocations=28 (full 0):
 garbage-first heap   total 446464K, used 202837K [0x000000070bc00000, 0x0000000800000000)
  region size 2048K, 3 young (6144K), 1 survivors (2048K)
 Metaspace       used 16483K, committed 16896K, reserved 1114112K
  class space    used 2422K, committed 2624K, reserved 1048576K
}
Event: 2,631 GC heap after
{Heap after GC invocations=29 (full 0):
 garbage-first heap   total 446464K, used 200799K [0x000000070bc00000, 0x0000000800000000)
  region size 2048K, 1 young (2048K), 1 survivors (2048K)
 Metaspace       used 16483K, committed 16896K, reserved 1114112K
  class space    used 2422K, committed 2624K, reserved 1048576K
}
Event: 2,679 GC heap before
{Heap before GC invocations=30 (full 0):
 garbage-first heap   total 446464K, used 204895K [0x000000070bc00000, 0x0000000800000000)
  region size 2048K, 3 young (6144K), 1 survivors (2048K)
 Metaspace       used 16491K, committed 16896K, reserved 1114112K
  class space    used 2422K, committed 2624K, reserved 1048576K
}
Event: 2,681 GC heap after
{Heap after GC invocations=31 (full 0):
 garbage-first heap   total 446464K, used 202850K [0x000000070bc00000, 0x0000000800000000)
  region size 2048K, 1 young (2048K), 1 survivors (2048K)
 Metaspace       used 16491K, committed 16896K, reserved 1114112K
  class space    used 2422K, committed 2624K, reserved 1048576K
}
Event: 2,714 GC heap before
{Heap before GC invocations=32 (full 0):
 garbage-first heap   total 446464K, used 206946K [0x000000070bc00000, 0x0000000800000000)
  region size 2048K, 3 young (6144K), 1 survivors (2048K)
 Metaspace       used 16491K, committed 16896K, reserved 1114112K
  class space    used 2422K, committed 2624K, reserved 1048576K
}
Event: 2,716 GC heap after
{Heap after GC invocations=33 (full 0):
 garbage-first heap   total 446464K, used 204902K [0x000000070bc00000, 0x0000000800000000)
  region size 2048K, 1 young (2048K), 1 survivors (2048K)
 Metaspace       used 16491K, committed 16896K, reserved 1114112K
  class space    used 2422K, committed 2624K, reserved 1048576K
}
Event: 2,763 GC heap before
{Heap before GC invocations=34 (full 0):
 garbage-first heap   total 446464K, used 208998K [0x000000070bc00000, 0x0000000800000000)
  region size 2048K, 3 young (6144K), 1 survivors (2048K)
 Metaspace       used 16495K, committed 16896K, reserved 1114112K
  class space    used 2422K, committed 2624K, reserved 1048576K
}
Event: 2,764 GC heap after
{Heap after GC invocations=35 (full 0):
 garbage-first heap   total 536576K, used 206948K [0x000000070bc00000, 0x0000000800000000)
  region size 2048K, 1 young (2048K), 1 survivors (2048K)
 Metaspace       used 16495K, committed 16896K, reserved 1114112K
  class space    used 2422K, committed 2624K, reserved 1048576K
}

